-- Found ament_cmake: 1.3.12 (/opt/ros/humble/share/ament_cmake/cmake)
-- Found rclcpp: 16.0.16 (/opt/ros/humble/share/rclcpp/cmake)
-- Found rosidl_generator_c: 3.1.7 (/opt/ros/humble/share/rosidl_generator_c/cmake)
-- Found rosidl_adapter: 3.1.7 (/opt/ros/humble/share/rosidl_adapter/cmake)
-- Found rosidl_generator_cpp: 3.1.7 (/opt/ros/humble/share/rosidl_generator_cpp/cmake)
-- Using all available rosidl_typesupport_c: rosidl_typesupport_fastrtps_c;rosidl_typesupport_introspection_c
-- Using all available rosidl_typesupport_cpp: rosidl_typesupport_fastrtps_cpp;rosidl_typesupport_introspection_cpp
-- Found rmw_implementation_cmake: 6.1.2 (/opt/ros/humble/share/rmw_implementation_cmake/cmake)
-- Found rmw_fastrtps_cpp: 6.2.9 (/opt/ros/humble/share/rmw_fastrtps_cpp/cmake)
-- Using RMW implementation 'rmw_fastrtps_cpp' as default
-- Found geometry_msgs: 4.9.0 (/opt/ros/humble/share/geometry_msgs/cmake)
-- Found ament_lint_auto: 0.12.14 (/opt/ros/humble/share/ament_lint_auto/cmake)
-- Added test 'copyright' to check source files copyright and LICENSE
-- Added test 'cppcheck' to perform static code analysis on C / C++ code
-- Configured cppcheck include dirs: $<BUILD_INTERFACE:/home/mshandilya707/Mime/mime_ros2_ws/src/mime_moveit_bridge/include>
-- Configured cppcheck exclude dirs and/or files: 
-- Added test 'cpplint' to check C / C++ code against the Google style
-- Configured cpplint exclude dirs and/or files: 
-- Added test 'lint_cmake' to check CMake code style
-- Added test 'uncrustify' to check C / C++ code style
-- Configured uncrustify additional arguments: 
-- Added test 'xmllint' to check XML markup files
-- Configuring done
-- Generating done
-- Build files have been written to: /home/mshandilya707/Mime/mime_ros2_ws/build/mime_moveit_bridge
[35m[1mConsolidate compiler generated dependencies of target telemetry_grpc_proto[0m
[ 66%] Built target telemetry_grpc_proto
[35m[1mConsolidate compiler generated dependencies of target moveit_bridge_node[0m
[ 83%] [32mBuilding CXX object CMakeFiles/moveit_bridge_node.dir/src/moveit_bridge_node.cpp.o[0m
[100%] [32m[1mLinking CXX executable moveit_bridge_node[0m
[100%] Built target moveit_bridge_node
-- Install configuration: ""
-- Installing: /home/mshandilya707/Mime/mime_ros2_ws/install/mime_moveit_bridge/lib/mime_moveit_bridge/moveit_bridge_node
-- Set runtime path of "/home/mshandilya707/Mime/mime_ros2_ws/install/mime_moveit_bridge/lib/mime_moveit_bridge/moveit_bridge_node" to ""
-- Installing: /home/mshandilya707/Mime/mime_ros2_ws/install/mime_moveit_bridge/share/ament_index/resource_index/package_run_dependencies/mime_moveit_bridge
-- Up-to-date: /home/mshandilya707/Mime/mime_ros2_ws/install/mime_moveit_bridge/share/ament_index/resource_index/parent_prefix_path/mime_moveit_bridge
-- Up-to-date: /home/mshandilya707/Mime/mime_ros2_ws/install/mime_moveit_bridge/share/mime_moveit_bridge/environment/ament_prefix_path.sh
-- Installing: /home/mshandilya707/Mime/mime_ros2_ws/install/mime_moveit_bridge/share/mime_moveit_bridge/environment/ament_prefix_path.dsv
-- Up-to-date: /home/mshandilya707/Mime/mime_ros2_ws/install/mime_moveit_bridge/share/mime_moveit_bridge/environment/path.sh
-- Installing: /home/mshandilya707/Mime/mime_ros2_ws/install/mime_moveit_bridge/share/mime_moveit_bridge/environment/path.dsv
-- Up-to-date: /home/mshandilya707/Mime/mime_ros2_ws/install/mime_moveit_bridge/share/mime_moveit_bridge/local_setup.bash
-- Up-to-date: /home/mshandilya707/Mime/mime_ros2_ws/install/mime_moveit_bridge/share/mime_moveit_bridge/local_setup.sh
-- Up-to-date: /home/mshandilya707/Mime/mime_ros2_ws/install/mime_moveit_bridge/share/mime_moveit_bridge/local_setup.zsh
-- Installing: /home/mshandilya707/Mime/mime_ros2_ws/install/mime_moveit_bridge/share/mime_moveit_bridge/local_setup.dsv
-- Installing: /home/mshandilya707/Mime/mime_ros2_ws/install/mime_moveit_bridge/share/mime_moveit_bridge/package.dsv
-- Up-to-date: /home/mshandilya707/Mime/mime_ros2_ws/install/mime_moveit_bridge/share/ament_index/resource_index/packages/mime_moveit_bridge
-- Up-to-date: /home/mshandilya707/Mime/mime_ros2_ws/install/mime_moveit_bridge/share/mime_moveit_bridge/cmake/mime_moveit_bridgeConfig.cmake
-- Up-to-date: /home/mshandilya707/Mime/mime_ros2_ws/install/mime_moveit_bridge/share/mime_moveit_bridge/cmake/mime_moveit_bridgeConfig-version.cmake
-- Installing: /home/mshandilya707/Mime/mime_ros2_ws/install/mime_moveit_bridge/share/mime_moveit_bridge/package.xml
