[0.083s] Invoking command in '/home/mshandilya707/Mime/mime_ros2_ws/build/mime_moveit_bridge': CMAKE_PREFIX_PATH=/opt/ros/humble /usr/bin/cmake --build /home/mshandilya707/Mime/mime_ros2_ws/build/mime_moveit_bridge -- -j12 -l12
[0.724s] -- Found ament_cmake: 1.3.12 (/opt/ros/humble/share/ament_cmake/cmake)
[1.139s] -- Found rclcpp: 16.0.16 (/opt/ros/humble/share/rclcpp/cmake)
[1.798s] -- Found rosidl_generator_c: 3.1.7 (/opt/ros/humble/share/rosidl_generator_c/cmake)
[1.806s] -- Found rosidl_adapter: 3.1.7 (/opt/ros/humble/share/rosidl_adapter/cmake)
[1.829s] -- Found rosidl_generator_cpp: 3.1.7 (/opt/ros/humble/share/rosidl_generator_cpp/cmake)
[1.855s] -- Using all available rosidl_typesupport_c: rosidl_typesupport_fastrtps_c;rosidl_typesupport_introspection_c
[1.886s] -- Using all available rosidl_typesupport_cpp: rosidl_typesupport_fastrtps_cpp;rosidl_typesupport_introspection_cpp
[1.999s] -- Found rmw_implementation_cmake: 6.1.2 (/opt/ros/humble/share/rmw_implementation_cmake/cmake)
[2.006s] -- Found rmw_fastrtps_cpp: 6.2.9 (/opt/ros/humble/share/rmw_fastrtps_cpp/cmake)
[22.610s] -- Using RMW implementation 'rmw_fastrtps_cpp' as default
[22.702s] -- Found geometry_msgs: 4.9.0 (/opt/ros/humble/share/geometry_msgs/cmake)
[23.165s] -- Found ament_lint_auto: 0.12.14 (/opt/ros/humble/share/ament_lint_auto/cmake)
[23.326s] -- Added test 'copyright' to check source files copyright and LICENSE
[23.327s] -- Added test 'cppcheck' to perform static code analysis on C / C++ code
[23.328s] -- Configured cppcheck include dirs: $<BUILD_INTERFACE:/home/mshandilya707/Mime/mime_ros2_ws/src/mime_moveit_bridge/include>
[23.328s] -- Configured cppcheck exclude dirs and/or files: 
[23.329s] -- Added test 'cpplint' to check C / C++ code against the Google style
[23.329s] -- Configured cpplint exclude dirs and/or files: 
[23.330s] -- Added test 'lint_cmake' to check CMake code style
[23.331s] -- Added test 'uncrustify' to check C / C++ code style
[23.331s] -- Configured uncrustify additional arguments: 
[23.332s] -- Added test 'xmllint' to check XML markup files
[23.335s] -- Configuring done
[23.395s] -- Generating done
[23.414s] -- Build files have been written to: /home/mshandilya707/Mime/mime_ros2_ws/build/mime_moveit_bridge
[23.462s] [35m[1mConsolidate compiler generated dependencies of target telemetry_grpc_proto[0m
[23.493s] [ 66%] Built target telemetry_grpc_proto
[23.507s] [35m[1mConsolidate compiler generated dependencies of target moveit_bridge_node[0m
[23.601s] [ 83%] [32mBuilding CXX object CMakeFiles/moveit_bridge_node.dir/src/moveit_bridge_node.cpp.o[0m
[33.846s] [100%] [32m[1mLinking CXX executable moveit_bridge_node[0m
[34.715s] [100%] Built target moveit_bridge_node
[34.750s] Invoked command in '/home/mshandilya707/Mime/mime_ros2_ws/build/mime_moveit_bridge' returned '0': CMAKE_PREFIX_PATH=/opt/ros/humble /usr/bin/cmake --build /home/mshandilya707/Mime/mime_ros2_ws/build/mime_moveit_bridge -- -j12 -l12
[34.780s] Invoking command in '/home/mshandilya707/Mime/mime_ros2_ws/build/mime_moveit_bridge': CMAKE_PREFIX_PATH=/opt/ros/humble /usr/bin/cmake --install /home/mshandilya707/Mime/mime_ros2_ws/build/mime_moveit_bridge
[34.787s] -- Install configuration: ""
[34.788s] -- Installing: /home/mshandilya707/Mime/mime_ros2_ws/install/mime_moveit_bridge/lib/mime_moveit_bridge/moveit_bridge_node
[34.819s] -- Set runtime path of "/home/mshandilya707/Mime/mime_ros2_ws/install/mime_moveit_bridge/lib/mime_moveit_bridge/moveit_bridge_node" to ""
[34.819s] -- Installing: /home/mshandilya707/Mime/mime_ros2_ws/install/mime_moveit_bridge/share/ament_index/resource_index/package_run_dependencies/mime_moveit_bridge
[34.819s] -- Up-to-date: /home/mshandilya707/Mime/mime_ros2_ws/install/mime_moveit_bridge/share/ament_index/resource_index/parent_prefix_path/mime_moveit_bridge
[34.819s] -- Up-to-date: /home/mshandilya707/Mime/mime_ros2_ws/install/mime_moveit_bridge/share/mime_moveit_bridge/environment/ament_prefix_path.sh
[34.820s] -- Installing: /home/mshandilya707/Mime/mime_ros2_ws/install/mime_moveit_bridge/share/mime_moveit_bridge/environment/ament_prefix_path.dsv
[34.822s] -- Up-to-date: /home/mshandilya707/Mime/mime_ros2_ws/install/mime_moveit_bridge/share/mime_moveit_bridge/environment/path.sh
[34.823s] -- Installing: /home/mshandilya707/Mime/mime_ros2_ws/install/mime_moveit_bridge/share/mime_moveit_bridge/environment/path.dsv
[34.824s] -- Up-to-date: /home/mshandilya707/Mime/mime_ros2_ws/install/mime_moveit_bridge/share/mime_moveit_bridge/local_setup.bash
[34.825s] -- Up-to-date: /home/mshandilya707/Mime/mime_ros2_ws/install/mime_moveit_bridge/share/mime_moveit_bridge/local_setup.sh
[34.826s] -- Up-to-date: /home/mshandilya707/Mime/mime_ros2_ws/install/mime_moveit_bridge/share/mime_moveit_bridge/local_setup.zsh
[34.826s] -- Installing: /home/mshandilya707/Mime/mime_ros2_ws/install/mime_moveit_bridge/share/mime_moveit_bridge/local_setup.dsv
[34.828s] -- Installing: /home/mshandilya707/Mime/mime_ros2_ws/install/mime_moveit_bridge/share/mime_moveit_bridge/package.dsv
[34.829s] -- Up-to-date: /home/mshandilya707/Mime/mime_ros2_ws/install/mime_moveit_bridge/share/ament_index/resource_index/packages/mime_moveit_bridge
[34.830s] -- Up-to-date: /home/mshandilya707/Mime/mime_ros2_ws/install/mime_moveit_bridge/share/mime_moveit_bridge/cmake/mime_moveit_bridgeConfig.cmake
[34.830s] -- Up-to-date: /home/mshandilya707/Mime/mime_ros2_ws/install/mime_moveit_bridge/share/mime_moveit_bridge/cmake/mime_moveit_bridgeConfig-version.cmake
[34.830s] -- Installing: /home/mshandilya707/Mime/mime_ros2_ws/install/mime_moveit_bridge/share/mime_moveit_bridge/package.xml
[34.841s] Invoked command in '/home/mshandilya707/Mime/mime_ros2_ws/build/mime_moveit_bridge' returned '0': CMAKE_PREFIX_PATH=/opt/ros/humble /usr/bin/cmake --install /home/mshandilya707/Mime/mime_ros2_ws/build/mime_moveit_bridge
