[1.232s] DEBUG:colcon:Command line arguments: ['/usr/bin/colcon', 'build']
[1.233s] DEBUG:colcon:Parsed command line arguments: Namespace(log_base=None, log_level=None, verb_name='build', build_base='build', install_base='install', merge_install=False, symlink_install=False, test_result_base=None, continue_on_error=False, executor='parallel', parallel_workers=12, event_handlers=None, ignore_user_meta=False, metas=['./colcon.meta'], base_paths=['.'], packages_ignore=None, packages_ignore_regex=None, paths=None, packages_up_to=None, packages_up_to_regex=None, packages_above=None, packages_above_and_dependencies=None, packages_above_depth=None, packages_select_by_dep=None, packages_skip_by_dep=None, packages_skip_up_to=None, packages_select_build_failed=False, packages_skip_build_finished=False, packages_select_test_failures=False, packages_skip_test_passed=False, packages_select=None, packages_skip=None, packages_select_regex=None, packages_skip_regex=None, packages_start=None, packages_end=None, allow_overriding=[], cargo_args=None, clean_build=False, cmake_args=None, cmake_target=None, cmake_target_skip_unavailable=False, cmake_clean_cache=False, cmake_clean_first=False, cmake_force_configure=False, lookup_in_workspace=False, ament_cmake_args=None, catkin_cmake_args=None, catkin_skip_building_tests=False, verb_parser=<colcon_defaults.argument_parser.defaults.DefaultArgumentsDecorator object at 0x7fb6c0742230>, verb_extension=<colcon_core.verb.build.BuildVerb object at 0x7fb6c0741d20>, main=<bound method BuildVerb.main of <colcon_core.verb.build.BuildVerb object at 0x7fb6c0741d20>>)
[1.433s] Level 1:colcon.colcon_core.package_discovery:discover_packages(colcon_meta) check parameters
[1.433s] Level 1:colcon.colcon_core.package_discovery:discover_packages(recursive) check parameters
[1.433s] Level 1:colcon.colcon_core.package_discovery:discover_packages(ignore) check parameters
[1.434s] Level 1:colcon.colcon_core.package_discovery:discover_packages(path) check parameters
[1.434s] Level 1:colcon.colcon_core.package_discovery:discover_packages(cargo_workspace) check parameters
[1.434s] Level 1:colcon.colcon_core.package_discovery:discover_packages(colcon_meta) discover
[1.434s] Level 1:colcon.colcon_core.package_discovery:discover_packages(recursive) discover
[1.434s] INFO:colcon.colcon_core.package_discovery:Crawling recursively for packages in '/home/mshandilya707/Mime/mime_ros2_ws'
[1.434s] Level 1:colcon.colcon_core.package_identification:_identify(.) by extensions ['ignore', 'ignore_ament_install']
[1.435s] Level 1:colcon.colcon_core.package_identification:_identify(.) by extension 'ignore'
[1.435s] Level 1:colcon.colcon_core.package_identification:_identify(.) by extension 'ignore_ament_install'
[1.435s] Level 1:colcon.colcon_core.package_identification:_identify(.) by extensions ['cargo_workspace']
[1.435s] Level 1:colcon.colcon_core.package_identification:_identify(.) by extension 'cargo_workspace'
[1.436s] Level 1:colcon.colcon_core.package_identification:_identify(.) by extensions ['colcon_pkg']
[1.436s] Level 1:colcon.colcon_core.package_identification:_identify(.) by extension 'colcon_pkg'
[1.436s] Level 1:colcon.colcon_core.package_identification:_identify(.) by extensions ['colcon_meta']
[1.436s] Level 1:colcon.colcon_core.package_identification:_identify(.) by extension 'colcon_meta'
[1.436s] Level 1:colcon.colcon_core.package_identification:_identify(.) by extensions ['ros']
[1.436s] Level 1:colcon.colcon_core.package_identification:_identify(.) by extension 'ros'
[1.574s] Level 1:colcon.colcon_core.package_identification:_identify(.) by extensions ['cargo', 'cmake', 'python']
[1.574s] Level 1:colcon.colcon_core.package_identification:_identify(.) by extension 'cargo'
[1.574s] Level 1:colcon.colcon_core.package_identification:_identify(.) by extension 'cmake'
[1.575s] Level 1:colcon.colcon_core.package_identification:_identify(.) by extension 'python'
[1.575s] Level 1:colcon.colcon_core.package_identification:_identify(.) by extensions ['python_setup_py']
[1.576s] Level 1:colcon.colcon_core.package_identification:_identify(.) by extension 'python_setup_py'
[1.576s] Level 1:colcon.colcon_core.package_identification:_identify(build) by extensions ['ignore', 'ignore_ament_install']
[1.576s] Level 1:colcon.colcon_core.package_identification:_identify(build) by extension 'ignore'
[1.576s] Level 1:colcon.colcon_core.package_identification:_identify(build) ignored
[1.577s] Level 1:colcon.colcon_core.package_identification:_identify(install) by extensions ['ignore', 'ignore_ament_install']
[1.577s] Level 1:colcon.colcon_core.package_identification:_identify(install) by extension 'ignore'
[1.577s] Level 1:colcon.colcon_core.package_identification:_identify(install) ignored
[1.577s] Level 1:colcon.colcon_core.package_identification:_identify(log) by extensions ['ignore', 'ignore_ament_install']
[1.577s] Level 1:colcon.colcon_core.package_identification:_identify(log) by extension 'ignore'
[1.578s] Level 1:colcon.colcon_core.package_identification:_identify(log) ignored
[1.578s] Level 1:colcon.colcon_core.package_identification:_identify(src) by extensions ['ignore', 'ignore_ament_install']
[1.578s] Level 1:colcon.colcon_core.package_identification:_identify(src) by extension 'ignore'
[1.578s] Level 1:colcon.colcon_core.package_identification:_identify(src) by extension 'ignore_ament_install'
[1.578s] Level 1:colcon.colcon_core.package_identification:_identify(src) by extensions ['cargo_workspace']
[1.578s] Level 1:colcon.colcon_core.package_identification:_identify(src) by extension 'cargo_workspace'
[1.578s] Level 1:colcon.colcon_core.package_identification:_identify(src) by extensions ['colcon_pkg']
[1.578s] Level 1:colcon.colcon_core.package_identification:_identify(src) by extension 'colcon_pkg'
[1.578s] Level 1:colcon.colcon_core.package_identification:_identify(src) by extensions ['colcon_meta']
[1.578s] Level 1:colcon.colcon_core.package_identification:_identify(src) by extension 'colcon_meta'
[1.578s] Level 1:colcon.colcon_core.package_identification:_identify(src) by extensions ['ros']
[1.578s] Level 1:colcon.colcon_core.package_identification:_identify(src) by extension 'ros'
[1.579s] Level 1:colcon.colcon_core.package_identification:_identify(src) by extensions ['cargo', 'cmake', 'python']
[1.579s] Level 1:colcon.colcon_core.package_identification:_identify(src) by extension 'cargo'
[1.579s] Level 1:colcon.colcon_core.package_identification:_identify(src) by extension 'cmake'
[1.579s] Level 1:colcon.colcon_core.package_identification:_identify(src) by extension 'python'
[1.580s] Level 1:colcon.colcon_core.package_identification:_identify(src) by extensions ['python_setup_py']
[1.580s] Level 1:colcon.colcon_core.package_identification:_identify(src) by extension 'python_setup_py'
[1.580s] Level 1:colcon.colcon_core.package_identification:_identify(src/mime_moveit_bridge) by extensions ['ignore', 'ignore_ament_install']
[1.580s] Level 1:colcon.colcon_core.package_identification:_identify(src/mime_moveit_bridge) by extension 'ignore'
[1.580s] Level 1:colcon.colcon_core.package_identification:_identify(src/mime_moveit_bridge) by extension 'ignore_ament_install'
[1.580s] Level 1:colcon.colcon_core.package_identification:_identify(src/mime_moveit_bridge) by extensions ['cargo_workspace']
[1.580s] Level 1:colcon.colcon_core.package_identification:_identify(src/mime_moveit_bridge) by extension 'cargo_workspace'
[1.580s] Level 1:colcon.colcon_core.package_identification:_identify(src/mime_moveit_bridge) by extensions ['colcon_pkg']
[1.580s] Level 1:colcon.colcon_core.package_identification:_identify(src/mime_moveit_bridge) by extension 'colcon_pkg'
[1.580s] Level 1:colcon.colcon_core.package_identification:_identify(src/mime_moveit_bridge) by extensions ['colcon_meta']
[1.580s] Level 1:colcon.colcon_core.package_identification:_identify(src/mime_moveit_bridge) by extension 'colcon_meta'
[1.580s] Level 1:colcon.colcon_core.package_identification:_identify(src/mime_moveit_bridge) by extensions ['ros']
[1.580s] Level 1:colcon.colcon_core.package_identification:_identify(src/mime_moveit_bridge) by extension 'ros'
[1.589s] DEBUG:colcon.colcon_core.package_identification:Package 'src/mime_moveit_bridge' with type 'ros.ament_cmake' and name 'mime_moveit_bridge'
[1.590s] Level 1:colcon.colcon_core.package_discovery:discover_packages(recursive) using defaults
[1.590s] Level 1:colcon.colcon_core.package_discovery:discover_packages(ignore) discover
[1.590s] Level 1:colcon.colcon_core.package_discovery:discover_packages(ignore) using defaults
[1.590s] Level 1:colcon.colcon_core.package_discovery:discover_packages(path) discover
[1.590s] Level 1:colcon.colcon_core.package_discovery:discover_packages(path) using defaults
[1.590s] Level 1:colcon.colcon_core.package_discovery:discover_packages(cargo_workspace) discover
[1.590s] Level 1:colcon.colcon_core.package_discovery:discover_packages(cargo_workspace) using defaults
[1.654s] Level 1:colcon.colcon_core.package_discovery:discover_packages(prefix_path) check parameters
[1.654s] Level 1:colcon.colcon_core.package_discovery:discover_packages(prefix_path) discover
[1.661s] DEBUG:colcon.colcon_installed_package_information.package_discovery:Found 324 installed packages in /opt/ros/humble
[1.664s] Level 1:colcon.colcon_core.package_discovery:discover_packages(prefix_path) using defaults
[1.786s] Level 5:colcon.colcon_core.verb:set package 'mime_moveit_bridge' build argument 'cargo_args' from command line to 'None'
[1.787s] Level 5:colcon.colcon_core.verb:set package 'mime_moveit_bridge' build argument 'clean_build' from command line to 'False'
[1.787s] Level 5:colcon.colcon_core.verb:set package 'mime_moveit_bridge' build argument 'cmake_args' from command line to 'None'
[1.787s] Level 5:colcon.colcon_core.verb:set package 'mime_moveit_bridge' build argument 'cmake_target' from command line to 'None'
[1.787s] Level 5:colcon.colcon_core.verb:set package 'mime_moveit_bridge' build argument 'cmake_target_skip_unavailable' from command line to 'False'
[1.787s] Level 5:colcon.colcon_core.verb:set package 'mime_moveit_bridge' build argument 'cmake_clean_cache' from command line to 'False'
[1.787s] Level 5:colcon.colcon_core.verb:set package 'mime_moveit_bridge' build argument 'cmake_clean_first' from command line to 'False'
[1.787s] Level 5:colcon.colcon_core.verb:set package 'mime_moveit_bridge' build argument 'cmake_force_configure' from command line to 'False'
[1.787s] Level 5:colcon.colcon_core.verb:set package 'mime_moveit_bridge' build argument 'lookup_in_workspace' from command line to 'False'
[1.787s] Level 5:colcon.colcon_core.verb:set package 'mime_moveit_bridge' build argument 'ament_cmake_args' from command line to 'None'
[1.787s] Level 5:colcon.colcon_core.verb:set package 'mime_moveit_bridge' build argument 'catkin_cmake_args' from command line to 'None'
[1.787s] Level 5:colcon.colcon_core.verb:set package 'mime_moveit_bridge' build argument 'catkin_skip_building_tests' from command line to 'False'
[1.787s] DEBUG:colcon.colcon_core.verb:Building package 'mime_moveit_bridge' with the following arguments: {'ament_cmake_args': None, 'build_base': '/home/mshandilya707/Mime/mime_ros2_ws/build/mime_moveit_bridge', 'cargo_args': None, 'catkin_cmake_args': None, 'catkin_skip_building_tests': False, 'clean_build': False, 'cmake_args': None, 'cmake_clean_cache': False, 'cmake_clean_first': False, 'cmake_force_configure': False, 'cmake_target': None, 'cmake_target_skip_unavailable': False, 'install_base': '/home/mshandilya707/Mime/mime_ros2_ws/install/mime_moveit_bridge', 'lookup_in_workspace': False, 'merge_install': False, 'path': '/home/mshandilya707/Mime/mime_ros2_ws/src/mime_moveit_bridge', 'symlink_install': False, 'test_result_base': None}
[1.788s] INFO:colcon.colcon_core.executor:Executing jobs using 'parallel' executor
[1.791s] DEBUG:colcon.colcon_parallel_executor.executor.parallel:run_until_complete
[1.793s] INFO:colcon.colcon_ros.task.ament_cmake.build:Building ROS package in '/home/mshandilya707/Mime/mime_ros2_ws/src/mime_moveit_bridge' with build type 'ament_cmake'
[1.794s] INFO:colcon.colcon_cmake.task.cmake.build:Building CMake package in '/home/mshandilya707/Mime/mime_ros2_ws/src/mime_moveit_bridge'
[1.818s] INFO:colcon.colcon_core.plugin_system:Skipping extension 'colcon_core.shell.bat': Not used on non-Windows systems
[1.818s] INFO:colcon.colcon_core.shell:Skip shell extension 'powershell' for command environment: Not usable outside of PowerShell
[1.818s] DEBUG:colcon.colcon_core.shell:Skip shell extension 'dsv' for command environment
[1.886s] DEBUG:colcon.colcon_core.event_handler.log_command:Invoking command in '/home/mshandilya707/Mime/mime_ros2_ws/build/mime_moveit_bridge': CMAKE_PREFIX_PATH=/opt/ros/humble /usr/bin/cmake --build /home/mshandilya707/Mime/mime_ros2_ws/build/mime_moveit_bridge -- -j12 -l12
[36.548s] DEBUG:colcon.colcon_core.event_handler.log_command:Invoked command in '/home/mshandilya707/Mime/mime_ros2_ws/build/mime_moveit_bridge' returned '0': CMAKE_PREFIX_PATH=/opt/ros/humble /usr/bin/cmake --build /home/mshandilya707/Mime/mime_ros2_ws/build/mime_moveit_bridge -- -j12 -l12
[36.576s] DEBUG:colcon.colcon_core.event_handler.log_command:Invoking command in '/home/mshandilya707/Mime/mime_ros2_ws/build/mime_moveit_bridge': CMAKE_PREFIX_PATH=/opt/ros/humble /usr/bin/cmake --install /home/mshandilya707/Mime/mime_ros2_ws/build/mime_moveit_bridge
[36.631s] Level 1:colcon.colcon_core.environment:create_environment_scripts_only(mime_moveit_bridge)
[36.637s] DEBUG:colcon.colcon_core.event_handler.log_command:Invoked command in '/home/mshandilya707/Mime/mime_ros2_ws/build/mime_moveit_bridge' returned '0': CMAKE_PREFIX_PATH=/opt/ros/humble /usr/bin/cmake --install /home/mshandilya707/Mime/mime_ros2_ws/build/mime_moveit_bridge
[36.654s] Level 1:colcon.colcon_core.environment:checking '/home/mshandilya707/Mime/mime_ros2_ws/install/mime_moveit_bridge' for CMake module files
[36.655s] Level 1:colcon.colcon_core.environment:checking '/home/mshandilya707/Mime/mime_ros2_ws/install/mime_moveit_bridge' for CMake config files
[36.657s] Level 1:colcon.colcon_core.shell:create_environment_hook('mime_moveit_bridge', 'cmake_prefix_path')
[36.659s] INFO:colcon.colcon_core.shell:Creating environment hook '/home/mshandilya707/Mime/mime_ros2_ws/install/mime_moveit_bridge/share/mime_moveit_bridge/hook/cmake_prefix_path.ps1'
[36.663s] INFO:colcon.colcon_core.shell:Creating environment descriptor '/home/mshandilya707/Mime/mime_ros2_ws/install/mime_moveit_bridge/share/mime_moveit_bridge/hook/cmake_prefix_path.dsv'
[36.666s] INFO:colcon.colcon_core.shell:Creating environment hook '/home/mshandilya707/Mime/mime_ros2_ws/install/mime_moveit_bridge/share/mime_moveit_bridge/hook/cmake_prefix_path.sh'
[36.669s] Level 1:colcon.colcon_core.environment:checking '/home/mshandilya707/Mime/mime_ros2_ws/install/mime_moveit_bridge/lib'
[36.669s] Level 1:colcon.colcon_core.environment:checking '/home/mshandilya707/Mime/mime_ros2_ws/install/mime_moveit_bridge/bin'
[36.669s] Level 1:colcon.colcon_core.environment:checking '/home/mshandilya707/Mime/mime_ros2_ws/install/mime_moveit_bridge/lib/pkgconfig/mime_moveit_bridge.pc'
[36.670s] Level 1:colcon.colcon_core.environment:checking '/home/mshandilya707/Mime/mime_ros2_ws/install/mime_moveit_bridge/lib/python3.10/site-packages'
[36.671s] Level 1:colcon.colcon_core.environment:checking '/home/mshandilya707/Mime/mime_ros2_ws/install/mime_moveit_bridge/bin'
[36.672s] INFO:colcon.colcon_core.shell:Creating package script '/home/mshandilya707/Mime/mime_ros2_ws/install/mime_moveit_bridge/share/mime_moveit_bridge/package.ps1'
[36.674s] INFO:colcon.colcon_core.shell:Creating package descriptor '/home/mshandilya707/Mime/mime_ros2_ws/install/mime_moveit_bridge/share/mime_moveit_bridge/package.dsv'
[36.675s] INFO:colcon.colcon_core.shell:Creating package script '/home/mshandilya707/Mime/mime_ros2_ws/install/mime_moveit_bridge/share/mime_moveit_bridge/package.sh'
[36.678s] INFO:colcon.colcon_core.shell:Creating package script '/home/mshandilya707/Mime/mime_ros2_ws/install/mime_moveit_bridge/share/mime_moveit_bridge/package.bash'
[36.680s] INFO:colcon.colcon_core.shell:Creating package script '/home/mshandilya707/Mime/mime_ros2_ws/install/mime_moveit_bridge/share/mime_moveit_bridge/package.zsh'
[36.682s] Level 1:colcon.colcon_core.environment:create_file_with_runtime_dependencies(/home/mshandilya707/Mime/mime_ros2_ws/install/mime_moveit_bridge/share/colcon-core/packages/mime_moveit_bridge)
[36.684s] Level 1:colcon.colcon_core.environment:create_environment_scripts_only(mime_moveit_bridge)
[36.684s] Level 1:colcon.colcon_core.environment:checking '/home/mshandilya707/Mime/mime_ros2_ws/install/mime_moveit_bridge' for CMake module files
[36.685s] Level 1:colcon.colcon_core.environment:checking '/home/mshandilya707/Mime/mime_ros2_ws/install/mime_moveit_bridge' for CMake config files
[36.685s] Level 1:colcon.colcon_core.shell:create_environment_hook('mime_moveit_bridge', 'cmake_prefix_path')
[36.686s] INFO:colcon.colcon_core.shell:Creating environment hook '/home/mshandilya707/Mime/mime_ros2_ws/install/mime_moveit_bridge/share/mime_moveit_bridge/hook/cmake_prefix_path.ps1'
[36.687s] INFO:colcon.colcon_core.shell:Creating environment descriptor '/home/mshandilya707/Mime/mime_ros2_ws/install/mime_moveit_bridge/share/mime_moveit_bridge/hook/cmake_prefix_path.dsv'
[36.687s] INFO:colcon.colcon_core.shell:Creating environment hook '/home/mshandilya707/Mime/mime_ros2_ws/install/mime_moveit_bridge/share/mime_moveit_bridge/hook/cmake_prefix_path.sh'
[36.688s] Level 1:colcon.colcon_core.environment:checking '/home/mshandilya707/Mime/mime_ros2_ws/install/mime_moveit_bridge/lib'
[36.688s] Level 1:colcon.colcon_core.environment:checking '/home/mshandilya707/Mime/mime_ros2_ws/install/mime_moveit_bridge/bin'
[36.688s] Level 1:colcon.colcon_core.environment:checking '/home/mshandilya707/Mime/mime_ros2_ws/install/mime_moveit_bridge/lib/pkgconfig/mime_moveit_bridge.pc'
[36.689s] Level 1:colcon.colcon_core.environment:checking '/home/mshandilya707/Mime/mime_ros2_ws/install/mime_moveit_bridge/lib/python3.10/site-packages'
[36.689s] Level 1:colcon.colcon_core.environment:checking '/home/mshandilya707/Mime/mime_ros2_ws/install/mime_moveit_bridge/bin'
[36.690s] INFO:colcon.colcon_core.shell:Creating package script '/home/mshandilya707/Mime/mime_ros2_ws/install/mime_moveit_bridge/share/mime_moveit_bridge/package.ps1'
[36.691s] INFO:colcon.colcon_core.shell:Creating package descriptor '/home/mshandilya707/Mime/mime_ros2_ws/install/mime_moveit_bridge/share/mime_moveit_bridge/package.dsv'
[36.692s] INFO:colcon.colcon_core.shell:Creating package script '/home/mshandilya707/Mime/mime_ros2_ws/install/mime_moveit_bridge/share/mime_moveit_bridge/package.sh'
[36.693s] INFO:colcon.colcon_core.shell:Creating package script '/home/mshandilya707/Mime/mime_ros2_ws/install/mime_moveit_bridge/share/mime_moveit_bridge/package.bash'
[36.693s] INFO:colcon.colcon_core.shell:Creating package script '/home/mshandilya707/Mime/mime_ros2_ws/install/mime_moveit_bridge/share/mime_moveit_bridge/package.zsh'
[36.694s] Level 1:colcon.colcon_core.environment:create_file_with_runtime_dependencies(/home/mshandilya707/Mime/mime_ros2_ws/install/mime_moveit_bridge/share/colcon-core/packages/mime_moveit_bridge)
[36.695s] DEBUG:colcon.colcon_parallel_executor.executor.parallel:closing loop
[36.696s] DEBUG:colcon.colcon_parallel_executor.executor.parallel:loop closed
[36.697s] DEBUG:colcon.colcon_parallel_executor.executor.parallel:run_until_complete finished with '0'
[36.697s] DEBUG:colcon.colcon_core.event_reactor:joining thread
[36.822s] INFO:colcon.colcon_core.plugin_system:Skipping extension 'colcon_notification.desktop_notification.notify_send': Could not find 'notify-send'
[36.823s] INFO:colcon.colcon_core.plugin_system:Skipping extension 'colcon_notification.desktop_notification.terminal_notifier': Not used on non-Darwin systems
[36.823s] INFO:colcon.colcon_core.plugin_system:Skipping extension 'colcon_notification.desktop_notification.win32': Not used on non-Windows systems
[36.823s] INFO:colcon.colcon_notification.desktop_notification:Sending desktop notification using 'notify2'
[36.849s] DEBUG:colcon.colcon_notification.desktop_notification.notify2:Failed to initialize notify2: org.freedesktop.DBus.Error.ServiceUnknown: The name org.freedesktop.Notifications was not provided by any .service files
[36.849s] DEBUG:colcon.colcon_core.event_reactor:joined thread
[36.850s] INFO:colcon.colcon_core.shell:Creating prefix script '/home/mshandilya707/Mime/mime_ros2_ws/install/local_setup.ps1'
[36.853s] INFO:colcon.colcon_core.shell:Creating prefix util module '/home/mshandilya707/Mime/mime_ros2_ws/install/_local_setup_util_ps1.py'
[36.858s] INFO:colcon.colcon_core.shell:Creating prefix chain script '/home/mshandilya707/Mime/mime_ros2_ws/install/setup.ps1'
[36.861s] INFO:colcon.colcon_core.shell:Creating prefix script '/home/mshandilya707/Mime/mime_ros2_ws/install/local_setup.sh'
[36.863s] INFO:colcon.colcon_core.shell:Creating prefix util module '/home/mshandilya707/Mime/mime_ros2_ws/install/_local_setup_util_sh.py'
[36.865s] INFO:colcon.colcon_core.shell:Creating prefix chain script '/home/mshandilya707/Mime/mime_ros2_ws/install/setup.sh'
[36.868s] INFO:colcon.colcon_core.shell:Creating prefix script '/home/mshandilya707/Mime/mime_ros2_ws/install/local_setup.bash'
[36.869s] INFO:colcon.colcon_core.shell:Creating prefix chain script '/home/mshandilya707/Mime/mime_ros2_ws/install/setup.bash'
[36.871s] INFO:colcon.colcon_core.shell:Creating prefix script '/home/mshandilya707/Mime/mime_ros2_ws/install/local_setup.zsh'
[36.872s] INFO:colcon.colcon_core.shell:Creating prefix chain script '/home/mshandilya707/Mime/mime_ros2_ws/install/setup.zsh'
