[0.017s] Invoking command in '/home/mshandilya707/Mime/mime_ros2_ws/build/mime_moveit_bridge': CMAKE_PREFIX_PATH=/opt/ros/humble /usr/bin/cmake /home/mshandilya707/Mime/mime_ros2_ws/src/mime_moveit_bridge -DCMAKE_INSTALL_PREFIX=/home/mshandilya707/Mime/mime_ros2_ws/install/mime_moveit_bridge
[0.419s] -- The C compiler identification is GNU 11.4.0
[1.567s] -- The CXX compiler identification is GNU 11.4.0
[2.297s] -- Detecting C compiler ABI info
[2.532s] -- Detecting C compiler ABI info - done
[2.537s] -- Check for working C compiler: /usr/bin/cc - skipped
[2.538s] -- Detecting C compile features
[2.539s] -- Detecting C compile features - done
[2.542s] -- Detecting CXX compiler ABI info
[2.774s] -- Detecting CXX compiler ABI info - done
[2.780s] -- Check for working CXX compiler: /usr/bin/c++ - skipped
[2.780s] -- Detecting CXX compile features
[2.780s] -- Detecting CXX compile features - done
[2.793s] -- Found ament_cmake: 1.3.12 (/opt/ros/humble/share/ament_cmake/cmake)
[3.170s] -- Found Python3: /usr/bin/python3 (found version "3.10.12") found components: Interpreter 
[3.276s] -- Found rclcpp: 16.0.16 (/opt/ros/humble/share/rclcpp/cmake)
[3.641s] -- Found rosidl_generator_c: 3.1.7 (/opt/ros/humble/share/rosidl_generator_c/cmake)
[3.649s] -- Found rosidl_adapter: 3.1.7 (/opt/ros/humble/share/rosidl_adapter/cmake)
[3.661s] -- Found rosidl_generator_cpp: 3.1.7 (/opt/ros/humble/share/rosidl_generator_cpp/cmake)
[3.682s] -- Using all available rosidl_typesupport_c: rosidl_typesupport_fastrtps_c;rosidl_typesupport_introspection_c
[3.703s] -- Using all available rosidl_typesupport_cpp: rosidl_typesupport_fastrtps_cpp;rosidl_typesupport_introspection_cpp
[3.769s] -- Found rmw_implementation_cmake: 6.1.2 (/opt/ros/humble/share/rmw_implementation_cmake/cmake)
[3.773s] -- Found rmw_fastrtps_cpp: 6.2.9 (/opt/ros/humble/share/rmw_fastrtps_cpp/cmake)
[6.763s] -- Found OpenSSL: /usr/lib/x86_64-linux-gnu/libcrypto.so (found version "3.0.2")  
[10.503s] -- Found FastRTPS: /opt/ros/humble/include  
[18.321s] -- Using RMW implementation 'rmw_fastrtps_cpp' as default
[18.339s] -- Looking for pthread.h
[18.694s] -- Looking for pthread.h - found
[18.695s] -- Performing Test CMAKE_HAVE_LIBC_PTHREAD
[18.994s] -- Performing Test CMAKE_HAVE_LIBC_PTHREAD - Success
[18.996s] -- Found Threads: TRUE  
[19.110s] -- Found moveit_ros_planning_interface: 2.5.9 (/opt/ros/humble/share/moveit_ros_planning_interface/cmake)
[19.168s] -- Found Boost: /usr/lib/x86_64-linux-gnu/cmake/Boost-1.74.0/BoostConfig.cmake (found version "1.74.0") found components: date_time filesystem program_options system thread 
[19.467s] -- Found Boost: /usr/lib/x86_64-linux-gnu/cmake/Boost-1.74.0/BoostConfig.cmake (found version "1.74.0") found components: chrono date_time filesystem iostreams program_options regex serialization system thread 
[22.981s] -- Found parameter_traits: 0.7.4 (/opt/ros/humble/share/parameter_traits/cmake)
[22.996s] -- Found rclcpp_lifecycle: 16.0.16 (/opt/ros/humble/share/rclcpp_lifecycle/cmake)
[26.829s] -- library: /usr/lib/x86_64-linux-gnu/libcurl.so
[26.966s] -- Found Eigen3: TRUE (found version "3.4.0") 
[26.967s] -- Ensuring Eigen3 include directory is part of orocos-kdl CMake target
[31.607s] -- Found Boost: /usr/lib/x86_64-linux-gnu/cmake/Boost-1.74.0/BoostConfig.cmake (found version "1.74.0") found components: system filesystem date_time program_options thread chrono 
[31.642s] -- Found Boost: /usr/lib/x86_64-linux-gnu/cmake/Boost-1.74.0/BoostConfig.cmake (found version "1.74.0") found components: thread system filesystem regex date_time program_options 
[31.669s] -- Found Boost: /usr/lib/x86_64-linux-gnu/cmake/Boost-1.74.0/BoostConfig.cmake (found version "1.74.0") found components: system filesystem date_time program_options thread 
[32.795s] -- Found Protobuf: /usr/lib/x86_64-linux-gnu/libprotobuf.so (found version "3.12.4") 
[35.621s] [31mCMake Error at CMakeLists.txt:15 (find_package):
[35.621s]   By not providing "FindgRPC.cmake" in CMAKE_MODULE_PATH this project has
[35.621s]   asked CMake to find a package configuration file provided by "gRPC", but
[35.621s]   CMake did not find one.
[35.622s] 
[35.622s]   Could not find a package configuration file provided by "gRPC" with any of
[35.622s]   the following names:
[35.622s] 
[35.622s]     gRPCConfig.cmake
[35.622s]     grpc-config.cmake
[35.622s] 
[35.622s]   Add the installation prefix of "gRPC" to CMAKE_PREFIX_PATH or set
[35.622s]   "gRPC_DIR" to a directory containing one of the above files.  If "gRPC"
[35.622s]   provides a separate development package or SDK, be sure it has been
[35.622s]   installed.
[35.622s] 
[35.622s] [0m
[35.622s] -- Configuring incomplete, errors occurred!
[35.622s] See also "/home/mshandilya707/Mime/mime_ros2_ws/build/mime_moveit_bridge/CMakeFiles/CMakeOutput.log".
[35.640s] Invoked command in '/home/mshandilya707/Mime/mime_ros2_ws/build/mime_moveit_bridge' returned '1': CMAKE_PREFIX_PATH=/opt/ros/humble /usr/bin/cmake /home/mshandilya707/Mime/mime_ros2_ws/src/mime_moveit_bridge -DCMAKE_INSTALL_PREFIX=/home/mshandilya707/Mime/mime_ros2_ws/install/mime_moveit_bridge
