-- Found ament_cmake: 1.3.12 (/opt/ros/humble/share/ament_cmake/cmake)
-- Found rclcpp: 16.0.16 (/opt/ros/humble/share/rclcpp/cmake)
-- Found rosidl_generator_c: 3.1.7 (/opt/ros/humble/share/rosidl_generator_c/cmake)
-- Found rosidl_adapter: 3.1.7 (/opt/ros/humble/share/rosidl_adapter/cmake)
-- Found rosidl_generator_cpp: 3.1.7 (/opt/ros/humble/share/rosidl_generator_cpp/cmake)
-- Using all available rosidl_typesupport_c: rosidl_typesupport_fastrtps_c;rosidl_typesupport_introspection_c
-- Using all available rosidl_typesupport_cpp: rosidl_typesupport_fastrtps_cpp;rosidl_typesupport_introspection_cpp
-- Found rmw_implementation_cmake: 6.1.2 (/opt/ros/humble/share/rmw_implementation_cmake/cmake)
-- Found rmw_fastrtps_cpp: 6.2.9 (/opt/ros/humble/share/rmw_fastrtps_cpp/cmake)
-- Using RMW implementation 'rmw_fastrtps_cpp' as default
-- Found moveit_ros_planning_interface: 2.5.9 (/opt/ros/humble/share/moveit_ros_planning_interface/cmake)
-- Found Boost: /usr/lib/x86_64-linux-gnu/cmake/Boost-1.74.0/BoostConfig.cmake (found version "1.74.0") found components: date_time filesystem program_options system thread 
-- Found Boost: /usr/lib/x86_64-linux-gnu/cmake/Boost-1.74.0/BoostConfig.cmake (found version "1.74.0") found components: chrono date_time filesystem iostreams program_options regex serialization system thread 
-- Found parameter_traits: 0.7.4 (/opt/ros/humble/share/parameter_traits/cmake)
-- Found rclcpp_lifecycle: 16.0.16 (/opt/ros/humble/share/rclcpp_lifecycle/cmake)
-- library: /usr/lib/x86_64-linux-gnu/libcurl.so
-- Ensuring Eigen3 include directory is part of orocos-kdl CMake target
-- Found Boost: /usr/lib/x86_64-linux-gnu/cmake/Boost-1.74.0/BoostConfig.cmake (found version "1.74.0") found components: system filesystem date_time program_options thread chrono 
-- Found Boost: /usr/lib/x86_64-linux-gnu/cmake/Boost-1.74.0/BoostConfig.cmake (found version "1.74.0") found components: thread system filesystem regex date_time program_options 
-- Found Boost: /usr/lib/x86_64-linux-gnu/cmake/Boost-1.74.0/BoostConfig.cmake (found version "1.74.0") found components: system filesystem date_time program_options thread 
-- Found PkgConfig: /usr/bin/pkg-config (found version "0.29.2") 
-- Checking for module 'grpc++'
--   Found grpc++, version 1.30.2
-- Found ament_lint_auto: 0.12.14 (/opt/ros/humble/share/ament_lint_auto/cmake)
-- Added test 'copyright' to check source files copyright and LICENSE
-- Added test 'cppcheck' to perform static code analysis on C / C++ code
-- Configured cppcheck include dirs: $<BUILD_INTERFACE:/home/mshandilya707/Mime/mime_ros2_ws/src/mime_moveit_bridge/include>
-- Configured cppcheck exclude dirs and/or files: 
-- Added test 'cpplint' to check C / C++ code against the Google style
-- Configured cpplint exclude dirs and/or files: 
-- Added test 'lint_cmake' to check CMake code style
-- Added test 'uncrustify' to check C / C++ code style
-- Configured uncrustify additional arguments: 
-- Added test 'xmllint' to check XML markup files
-- Configuring done
-- Generating done
-- Build files have been written to: /home/mshandilya707/Mime/mime_ros2_ws/build/mime_moveit_bridge
[ 16%] [34m[1mGenerating telemetry.pb.cc, telemetry.pb.h, telemetry.grpc.pb.cc, telemetry.grpc.pb.h[0m
[ 50%] [32mBuilding CXX object CMakeFiles/telemetry_grpc_proto.dir/telemetry.grpc.pb.cc.o[0m
[ 50%] [32mBuilding CXX object CMakeFiles/telemetry_grpc_proto.dir/telemetry.pb.cc.o[0m
[ 66%] [32m[1mLinking CXX static library libtelemetry_grpc_proto.a[0m
[ 66%] Built target telemetry_grpc_proto
[ 83%] [32mBuilding CXX object CMakeFiles/moveit_bridge_node.dir/src/moveit_bridge_node.cpp.o[0m
[100%] [32m[1mLinking CXX executable moveit_bridge_node[0m
[100%] Built target moveit_bridge_node
-- Install configuration: ""
-- Installing: /home/mshandilya707/Mime/mime_ros2_ws/install/mime_moveit_bridge/lib/mime_moveit_bridge/moveit_bridge_node
-- Set runtime path of "/home/mshandilya707/Mime/mime_ros2_ws/install/mime_moveit_bridge/lib/mime_moveit_bridge/moveit_bridge_node" to ""
-- Installing: /home/mshandilya707/Mime/mime_ros2_ws/install/mime_moveit_bridge/share/ament_index/resource_index/package_run_dependencies/mime_moveit_bridge
-- Installing: /home/mshandilya707/Mime/mime_ros2_ws/install/mime_moveit_bridge/share/ament_index/resource_index/parent_prefix_path/mime_moveit_bridge
-- Installing: /home/mshandilya707/Mime/mime_ros2_ws/install/mime_moveit_bridge/share/mime_moveit_bridge/environment/ament_prefix_path.sh
-- Installing: /home/mshandilya707/Mime/mime_ros2_ws/install/mime_moveit_bridge/share/mime_moveit_bridge/environment/ament_prefix_path.dsv
-- Installing: /home/mshandilya707/Mime/mime_ros2_ws/install/mime_moveit_bridge/share/mime_moveit_bridge/environment/path.sh
-- Installing: /home/mshandilya707/Mime/mime_ros2_ws/install/mime_moveit_bridge/share/mime_moveit_bridge/environment/path.dsv
-- Installing: /home/mshandilya707/Mime/mime_ros2_ws/install/mime_moveit_bridge/share/mime_moveit_bridge/local_setup.bash
-- Installing: /home/mshandilya707/Mime/mime_ros2_ws/install/mime_moveit_bridge/share/mime_moveit_bridge/local_setup.sh
-- Installing: /home/mshandilya707/Mime/mime_ros2_ws/install/mime_moveit_bridge/share/mime_moveit_bridge/local_setup.zsh
-- Installing: /home/mshandilya707/Mime/mime_ros2_ws/install/mime_moveit_bridge/share/mime_moveit_bridge/local_setup.dsv
-- Installing: /home/mshandilya707/Mime/mime_ros2_ws/install/mime_moveit_bridge/share/mime_moveit_bridge/package.dsv
-- Installing: /home/mshandilya707/Mime/mime_ros2_ws/install/mime_moveit_bridge/share/ament_index/resource_index/packages/mime_moveit_bridge
-- Installing: /home/mshandilya707/Mime/mime_ros2_ws/install/mime_moveit_bridge/share/mime_moveit_bridge/cmake/mime_moveit_bridgeConfig.cmake
-- Installing: /home/mshandilya707/Mime/mime_ros2_ws/install/mime_moveit_bridge/share/mime_moveit_bridge/cmake/mime_moveit_bridgeConfig-version.cmake
-- Installing: /home/mshandilya707/Mime/mime_ros2_ws/install/mime_moveit_bridge/share/mime_moveit_bridge/package.xml
